<?xml version="1.0" encoding="UTF-8"?>
<testng-results skipped="0" failed="0" ignored="0" total="1" passed="1">
  <reporter-output>
  </reporter-output>
  <suite name="Default suite" duration-ms="1330" started-at="2021-12-03T07:13:49Z" finished-at="2021-12-03T07:13:50Z">
    <groups>
    </groups>
    <test name="Default test" duration-ms="1330" started-at="2021-12-03T07:13:49Z" finished-at="2021-12-03T07:13:50Z">
      <class name="restAPIBDD.GetRequest">
        <test-method status="PASS" signature="GetCall()[pri:0, instance:restAPIBDD.GetRequest@4a87761d]" name="GetCall" duration-ms="1302" started-at="2021-12-03T07:13:49Z" finished-at="2021-12-03T07:13:50Z">
          <reporter-output>
          </reporter-output>
        </test-method> <!-- GetCall -->
      </class> <!-- restAPIBDD.GetRequest -->
    </test> <!-- Default test -->
  </suite> <!-- Default suite -->
</testng-results>
